    1  ls /
    2  ls /usr
    3  docker stop centos7
    4  docker stop centos7
    5  ls /usr
    6  pwd
    7  cd /root
    8  pwd
    9  cd usr
   10  aaaa
   11  docker stop centos7
   12  docker stop centos7
   13  exit
   14  PWS
   15  PWD
   16  pwd
   17  cd /usr
   18  pwd
   19  cd /home
   20  pwd
   21  mkdir test1
   22  ls
   23  cd /home
   24  mkdir test2/test3
   25  mkdir -p test2/test3
   26  ls test2
   27  cd /home
   28  touch test1/index.php
   29  lstest1
   30  ls test1
   31  cd /home/test1 && ls
   32  cd home/test1
   33  cp index.php copy.php
   34  ls
   35  cd /home
   36  cp -r test1 test4
   37  ls
   38  ls test4
   39  cd /home
   40  mv test2/rest3 test3
   41  mv test2/test3 test3
   42  test3
   43  ls
   44  rm test4
   45  rmdir test4
   46  mv test4 test1_copy
   47  ls
   48  cd /home
   49  rm -r test3
   50  ls
   51  cd /home
   52  ls
   53  ls test1
   54  rm test1/copy.php
   55  ls test1
   56  cd /home
   57  rm test1_copy/*.php
   58  ls test1_copy
   59  rm test1_copy/*.php
   60  ls test1_copy
   61  ls /home
   62  ls test1
   63  cd /home
   64  echo '# Hello World' > README.md
   65  cat REASD
   66  cat README.md
   67  echo '# Server Lesson' > README.md
   68  cat README.md
   69  cd /home
   70  echo 'Linux Practice' >> README.md
   71  echo '--------------' >> README.md
   72  cat RADME.md
   73  cat README.md
   74  cd /home
   75  vi README.md
   76  cd /root
   77  mkdir server_lesson && cd server_lesson
   78  cd
   79  cd server_lesson
   80  yum updata
   81  eyum update -y && yum -y install git
   82  yum update -y && yum -y install git
   83  git version
   84  git init
   85  touch first.txt
   86  mkdir linux_practice1 && mkdir public
   87  cd server_lesson_linux_practice
   88  ls
   89  rm public
   90  rm -r public
   91  mkdir linux_lesson/public
   92  mkdir linux_practice1/public
   93  touch public/index.php
   94  cd linux_practice1
   95  touch public/index.php
   96  ls public
   97  cd public
   98  cp index.php index_bk.php
   99  ls
  100  cp -r public tmp
  101  cd linux_practice1
  102  cd /home
  103  cd linux_practice1
  104  ls
  105  cd /root
  106  cd linux_practice1
  107  ls
  108  cd server_lesson
  109  cd linux_practice1
  110  cp -r public tmp
  111  ls
  112  cd tmp
  113  rm index_bk.php
  114  ls
  115  cd /root
  116  cd server_lesson
  117  touch server_lesson/README.md
  118  touch README.md
  119  ls
  120  vi README.md
  121  mkdir linux_practice2
  122  mkdir linux_practice2/documents
  123  cd linux_practice2/documents
  124  touch gizumo{01..50}.md
  125  ls
  126  cd ..
  127  mkdir trash
  128  ls
  129  mv documents/gizumo{20..40}.md trash/gizumo{20..40}.md
  130  mv documents/gizumo{20..40}.md trash
  131  ls trash
  132  touch .gitignore
  133  ls
  134  cd .gitignore
  135  ls -a
  136  vi .gitigmore
  137  git status
  138  git add .
  139  git sttatus
  140  git status
  141  git rm --cached -r .
  142  git status
  143  vi .gitigmore
  144  git add .
  145  git status
  146  git rm --cached -r .
  147  git status
  148  vi .gitigmore
  149  ls -a
  150  rm .gitigmore
  151  vi .gitignore
  152  git add .
  153  git status
  154  history 300 
  155  history 300 > exec_command.log
